This is pdfTeX, Version 3.14159265-2.6-1.40.16 (TeX Live 2015/MacPorts 2015_8) (preloaded format=pdflatex 2016.2.25)  28 MAR 2016 14:08
entering extended mode
 restricted \write18 enabled.
 file:line:error style messages enabled.
 %&-line parsing enabled.
**randomgraphbaselines.tex
(./randomgraphbaselines.tex
LaTeX2e <2015/01/01>
Babel <3.9l> and hyphenation patterns for 44 languages loaded.

./randomgraphbaselines.tex:1: LaTeX Error: Environment longtable undefined.

See the LaTeX manual or LaTeX Companion for explanation.
Type  H <return>  for immediate help.
 ...                                              
                                                  
l.1 \begin{longtable}
                     { | c | c || c | c | c | c | c | c | c | }
? 
./randomgraphbaselines.tex:1: Emergency stop.
 ...                                              
                                                  
l.1 \begin{longtable}
                     { | c | c || c | c | c | c | c | c | c | }
Your command was ignored.
Type  I <command> <return>  to replace it with another command,
or  <return>  to continue without it.

 
Here is how much of TeX's memory you used:
 7 strings out of 494185
 344 string characters out of 6156888
 48868 words of memory out of 5000000
 3422 multiletter control sequences out of 15000+600000
 3640 words of font info for 14 fonts, out of 8000000 for 9000
 430 hyphenation exceptions out of 8191
 5i,0n,4p,96b,16s stack positions out of 5000i,500n,10000p,200000b,80000s
./randomgraphbaselines.tex:1:  ==> Fatal error occurred, no output PDF file pro
duced!
