This is pdfTeX, Version 3.14159265-2.6-1.40.16 (TeX Live 2015/MacPorts 2015_8) (preloaded format=pdflatex 2016.2.25)  16 APR 2016 08:17
entering extended mode
 restricted \write18 enabled.
 file:line:error style messages enabled.
 %&-line parsing enabled.
**"Verification score report.tex"
(./Verification score report.tex
LaTeX2e <2015/01/01>
Babel <3.9l> and hyphenation patterns for 44 languages loaded.
(/opt/local/share/texmf-texlive/tex/latex/base/report.cls
Document Class: report 2014/09/29 v1.4h Standard LaTeX document class
(/opt/local/share/texmf-texlive/tex/latex/base/size11.clo
File: size11.clo 2014/09/29 v1.4h Standard LaTeX file (size option)
)
\c@part=\count79
\c@chapter=\count80
\c@section=\count81
\c@subsection=\count82
\c@subsubsection=\count83
\c@paragraph=\count84
\c@subparagraph=\count85
\c@figure=\count86
\c@table=\count87
\abovecaptionskip=\skip41
\belowcaptionskip=\skip42
\bibindent=\dimen102
)
(/opt/local/share/texmf-texlive/tex/latex/mathtools/mathtools.sty
Package: mathtools 2015/05/11 v1.16 mathematical typesetting tools

(/opt/local/share/texmf-texlive/tex/latex/graphics/keyval.sty
Package: keyval 2014/10/28 v1.15 key=value parser (DPC)
\KV@toks@=\toks14
)
(/opt/local/share/texmf-texlive/tex/latex/tools/calc.sty
Package: calc 2014/10/28 v4.3 Infix arithmetic (KKT,FJ)
\calc@Acount=\count88
\calc@Bcount=\count89
\calc@Adimen=\dimen103
\calc@Bdimen=\dimen104
\calc@Askip=\skip43
\calc@Bskip=\skip44
LaTeX Info: Redefining \setlength on input line 80.
LaTeX Info: Redefining \addtolength on input line 81.
\calc@Ccount=\count90
\calc@Cskip=\skip45
)
(/opt/local/share/texmf-texlive/tex/latex/mathtools/mhsetup.sty
Package: mhsetup 2010/01/21 v1.2a programming setup (MH)
)
(/opt/local/share/texmf-texlive/tex/latex/amsmath/amsmath.sty
Package: amsmath 2013/01/14 v2.14 AMS math features
\@mathmargin=\skip46

For additional information on amsmath, use the `?' option.
(/opt/local/share/texmf-texlive/tex/latex/amsmath/amstext.sty
Package: amstext 2000/06/29 v2.01

(/opt/local/share/texmf-texlive/tex/latex/amsmath/amsgen.sty
File: amsgen.sty 1999/11/30 v2.0
\@emptytoks=\toks15
\ex@=\dimen105
))
(/opt/local/share/texmf-texlive/tex/latex/amsmath/amsbsy.sty
Package: amsbsy 1999/11/29 v1.2d
\pmbraise@=\dimen106
)
(/opt/local/share/texmf-texlive/tex/latex/amsmath/amsopn.sty
Package: amsopn 1999/12/14 v2.01 operator names
)
\inf@bad=\count91
LaTeX Info: Redefining \frac on input line 210.
\uproot@=\count92
\leftroot@=\count93
LaTeX Info: Redefining \overline on input line 306.
\classnum@=\count94
\DOTSCASE@=\count95
LaTeX Info: Redefining \ldots on input line 378.
LaTeX Info: Redefining \dots on input line 381.
LaTeX Info: Redefining \cdots on input line 466.
\Mathstrutbox@=\box26
\strutbox@=\box27
\big@size=\dimen107
LaTeX Font Info:    Redeclaring font encoding OML on input line 566.
LaTeX Font Info:    Redeclaring font encoding OMS on input line 567.
\macc@depth=\count96
\c@MaxMatrixCols=\count97
\dotsspace@=\muskip10
\c@parentequation=\count98
\dspbrk@lvl=\count99
\tag@help=\toks16
\row@=\count100
\column@=\count101
\maxfields@=\count102
\andhelp@=\toks17
\eqnshift@=\dimen108
\alignsep@=\dimen109
\tagshift@=\dimen110
\tagwidth@=\dimen111
\totwidth@=\dimen112
\lineht@=\dimen113
\@envbody=\toks18
\multlinegap=\skip47
\multlinetaggap=\skip48
\mathdisplay@stack=\toks19
LaTeX Info: Redefining \[ on input line 2665.
LaTeX Info: Redefining \] on input line 2666.
)
LaTeX Info: Thecontrolsequence`\('isalreadyrobust on input line 129.
LaTeX Info: Thecontrolsequence`\)'isalreadyrobust on input line 129.
LaTeX Info: Thecontrolsequence`\['isalreadyrobust on input line 129.
LaTeX Info: Thecontrolsequence`\]'isalreadyrobust on input line 129.
\g_MT_multlinerow_int=\count103
\l_MT_multwidth_dim=\dimen114
\origjot=\skip49
\l_MT_shortvdotswithinadjustabove_dim=\dimen115
\l_MT_shortvdotswithinadjustbelow_dim=\dimen116
\l_MT_above_intertext_sep=\dimen117
\l_MT_below_intertext_sep=\dimen118
\l_MT_above_shortintertext_sep=\dimen119
\l_MT_below_shortintertext_sep=\dimen120
)
(/opt/local/share/texmf-texlive/tex/latex/listings/listings.sty
\lst@mode=\count104
\lst@gtempboxa=\box28
\lst@token=\toks20
\lst@length=\count105
\lst@currlwidth=\dimen121
\lst@column=\count106
\lst@pos=\count107
\lst@lostspace=\dimen122
\lst@width=\dimen123
\lst@newlines=\count108
\lst@lineno=\count109
\lst@maxwidth=\dimen124

(/opt/local/share/texmf-texlive/tex/latex/listings/lstmisc.sty
File: lstmisc.sty 2014/09/06 1.5e (Carsten Heinz)
\c@lstnumber=\count110
\lst@skipnumbers=\count111
\lst@framebox=\box29
)
(/opt/local/share/texmf-texlive/tex/latex/listings/listings.cfg
File: listings.cfg 2014/09/06 1.5e listings configuration
))
Package: listings 2014/09/06 1.5e (Carsten Heinz)

(/opt/local/share/texmf-texlive/tex/latex/graphics/graphicx.sty
Package: graphicx 2014/10/28 v1.0g Enhanced LaTeX Graphics (DPC,SPQR)

(/opt/local/share/texmf-texlive/tex/latex/graphics/graphics.sty
Package: graphics 2014/10/28 v1.0p Standard LaTeX Graphics (DPC,SPQR)

(/opt/local/share/texmf-texlive/tex/latex/graphics/trig.sty
Package: trig 1999/03/16 v1.09 sin cos tan (DPC)
)
(/opt/local/share/texmf-texlive/tex/latex/latexconfig/graphics.cfg
File: graphics.cfg 2010/04/23 v1.9 graphics configuration of TeX Live
)
Package graphics Info: Driver file: pdftex.def on input line 94.

(/opt/local/share/texmf-texlive/tex/latex/pdftex-def/pdftex.def
File: pdftex.def 2011/05/27 v0.06d Graphics/color for pdfTeX

(/opt/local/share/texmf-texlive/tex/generic/oberdiek/infwarerr.sty
Package: infwarerr 2010/04/08 v1.3 Providing info/warning/error messages (HO)
)
(/opt/local/share/texmf-texlive/tex/generic/oberdiek/ltxcmds.sty
Package: ltxcmds 2011/11/09 v1.22 LaTeX kernel commands for general use (HO)
)
\Gread@gobject=\count112
))
\Gin@req@height=\dimen125
\Gin@req@width=\dimen126
)
(/opt/local/share/texmf-texlive/tex/latex/amsfonts/amssymb.sty
Package: amssymb 2013/01/14 v3.01 AMS font symbols

(/opt/local/share/texmf-texlive/tex/latex/amsfonts/amsfonts.sty
Package: amsfonts 2013/01/14 v3.01 Basic AMSFonts support
\symAMSa=\mathgroup4
\symAMSb=\mathgroup5
LaTeX Font Info:    Overwriting math alphabet `\mathfrak' in version `bold'
(Font)                  U/euf/m/n --> U/euf/b/n on input line 106.
))
(/opt/local/share/texmf-texlive/tex/generic/genmisc/nth.sty
Package: nth 2002/02/27
)
(/opt/local/share/texmf-texlive/tex/latex/cite/cite.sty
LaTeX Info: Redefining \cite on input line 302.
LaTeX Info: Redefining \nocite on input line 332.
Package: cite 2015/02/27  v 5.5
)
(/opt/local/share/texmf-texlive/tex/latex/multirow/multirow.sty
\bigstrutjot=\dimen127
)
(/opt/local/share/texmf-texlive/tex/latex/tools/longtable.sty
Package: longtable 2014/10/28 v4.11 Multi-page Table package (DPC)
\LTleft=\skip50
\LTright=\skip51
\LTpre=\skip52
\LTpost=\skip53
\LTchunksize=\count113
\LTcapwidth=\dimen128
\LT@head=\box30
\LT@firsthead=\box31
\LT@foot=\box32
\LT@lastfoot=\box33
\LT@cols=\count114
\LT@rows=\count115
\c@LT@tables=\count116
\c@LT@chunks=\count117
\LT@p@ftn=\toks21
)
(/opt/local/share/texmf-texlive/tex/latex/hyperref/hyperref.sty
Package: hyperref 2012/11/06 v6.83m Hypertext links for LaTeX

(/opt/local/share/texmf-texlive/tex/generic/oberdiek/hobsub-hyperref.sty
Package: hobsub-hyperref 2012/05/28 v1.13 Bundle oberdiek, subset hyperref (HO)


(/opt/local/share/texmf-texlive/tex/generic/oberdiek/hobsub-generic.sty
Package: hobsub-generic 2012/05/28 v1.13 Bundle oberdiek, subset generic (HO)
Package: hobsub 2012/05/28 v1.13 Construct package bundles (HO)
Package hobsub Info: Skipping package `infwarerr' (already loaded).
Package hobsub Info: Skipping package `ltxcmds' (already loaded).
Package: ifluatex 2010/03/01 v1.3 Provides the ifluatex switch (HO)
Package ifluatex Info: LuaTeX not detected.
Package: ifvtex 2010/03/01 v1.5 Detect VTeX and its facilities (HO)
Package ifvtex Info: VTeX not detected.
Package: intcalc 2007/09/27 v1.1 Expandable calculations with integers (HO)
Package: ifpdf 2011/01/30 v2.3 Provides the ifpdf switch (HO)
Package ifpdf Info: pdfTeX in PDF mode is detected.
Package: etexcmds 2011/02/16 v1.5 Avoid name clashes with e-TeX commands (HO)
Package etexcmds Info: Could not find \expanded.
(etexcmds)             That can mean that you are not using pdfTeX 1.50 or
(etexcmds)             that some package has redefined \expanded.
(etexcmds)             In the latter case, load this package earlier.
Package: kvsetkeys 2012/04/25 v1.16 Key value parser (HO)
Package: kvdefinekeys 2011/04/07 v1.3 Define keys (HO)
Package: pdftexcmds 2011/11/29 v0.20 Utility functions of pdfTeX for LuaTeX (HO
)
Package pdftexcmds Info: LuaTeX not detected.
Package pdftexcmds Info: \pdf@primitive is available.
Package pdftexcmds Info: \pdf@ifprimitive is available.
Package pdftexcmds Info: \pdfdraftmode found.
Package: pdfescape 2011/11/25 v1.13 Implements pdfTeX's escape features (HO)
Package: bigintcalc 2012/04/08 v1.3 Expandable calculations on big integers (HO
)
Package: bitset 2011/01/30 v1.1 Handle bit-vector datatype (HO)
Package: uniquecounter 2011/01/30 v1.2 Provide unlimited unique counter (HO)
)
Package hobsub Info: Skipping package `hobsub' (already loaded).
Package: letltxmacro 2010/09/02 v1.4 Let assignment for LaTeX macros (HO)
Package: hopatch 2012/05/28 v1.2 Wrapper for package hooks (HO)
Package: xcolor-patch 2011/01/30 xcolor patch
Package: atveryend 2011/06/30 v1.8 Hooks at the very end of document (HO)
Package atveryend Info: \enddocument detected (standard20110627).
Package: atbegshi 2011/10/05 v1.16 At begin shipout hook (HO)
Package: refcount 2011/10/16 v3.4 Data extraction from label references (HO)
Package: hycolor 2011/01/30 v1.7 Color options for hyperref/bookmark (HO)
)
(/opt/local/share/texmf-texlive/tex/generic/ifxetex/ifxetex.sty
Package: ifxetex 2010/09/12 v0.6 Provides ifxetex conditional
)
(/opt/local/share/texmf-texlive/tex/latex/oberdiek/auxhook.sty
Package: auxhook 2011/03/04 v1.3 Hooks for auxiliary files (HO)
)
(/opt/local/share/texmf-texlive/tex/latex/oberdiek/kvoptions.sty
Package: kvoptions 2011/06/30 v3.11 Key value format for package options (HO)
)
\@linkdim=\dimen129
\Hy@linkcounter=\count118
\Hy@pagecounter=\count119

(/opt/local/share/texmf-texlive/tex/latex/hyperref/pd1enc.def
File: pd1enc.def 2012/11/06 v6.83m Hyperref: PDFDocEncoding definition (HO)
)
\Hy@SavedSpaceFactor=\count120

(/opt/local/share/texmf-texlive/tex/latex/latexconfig/hyperref.cfg
File: hyperref.cfg 2002/06/06 v1.2 hyperref configuration of TeXLive
)
Package hyperref Info: Hyper figures OFF on input line 4443.
Package hyperref Info: Link nesting OFF on input line 4448.
Package hyperref Info: Hyper index ON on input line 4451.
Package hyperref Info: Plain pages OFF on input line 4458.
Package hyperref Info: Backreferencing OFF on input line 4463.
Package hyperref Info: Implicit mode ON; LaTeX internals redefined.
Package hyperref Info: Bookmarks ON on input line 4688.
\c@Hy@tempcnt=\count121

(/opt/local/share/texmf-texlive/tex/latex/url/url.sty
\Urlmuskip=\muskip11
Package: url 2013/09/16  ver 3.4  Verb mode for urls, etc.
)
LaTeX Info: Redefining \url on input line 5041.
\XeTeXLinkMargin=\dimen130
\Fld@menulength=\count122
\Field@Width=\dimen131
\Fld@charsize=\dimen132
Package hyperref Info: Hyper figures OFF on input line 6295.
Package hyperref Info: Link nesting OFF on input line 6300.
Package hyperref Info: Hyper index ON on input line 6303.
Package hyperref Info: backreferencing OFF on input line 6310.
Package hyperref Info: Link coloring OFF on input line 6315.
Package hyperref Info: Link coloring with OCG OFF on input line 6320.
Package hyperref Info: PDF/A mode OFF on input line 6325.
LaTeX Info: Redefining \ref on input line 6365.
LaTeX Info: Redefining \pageref on input line 6369.
\Hy@abspage=\count123
\c@Item=\count124
\c@Hfootnote=\count125
)

Package hyperref Message: Driver (autodetected): hpdftex.

(/opt/local/share/texmf-texlive/tex/latex/hyperref/hpdftex.def
File: hpdftex.def 2012/11/06 v6.83m Hyperref driver for pdfTeX
\Fld@listcount=\count126
\c@bookmark@seq@number=\count127

(/opt/local/share/texmf-texlive/tex/latex/oberdiek/rerunfilecheck.sty
Package: rerunfilecheck 2011/04/15 v1.7 Rerun checks for auxiliary files (HO)
Package uniquecounter Info: New unique counter `rerunfilecheck' on input line 2
82.
)
\Hy@SectionHShift=\skip54
)
(/opt/local/share/texmf-texlive/tex/latex/base/inputenc.sty
Package: inputenc 2015/03/17 v1.2c Input encoding file
\inpenc@prehook=\toks22
\inpenc@posthook=\toks23

(/opt/local/share/texmf-texlive/tex/latex/base/utf8.def
File: utf8.def 2014/09/29 v1.1m UTF-8 support for inputenc
Now handling font encoding OML ...
... no UTF-8 mapping file for font encoding OML
Now handling font encoding T1 ...
... processing UTF-8 mapping file for font encoding T1

(/opt/local/share/texmf-texlive/tex/latex/base/t1enc.dfu
File: t1enc.dfu 2014/09/29 v1.1m UTF-8 support for inputenc
   defining Unicode char U+00A1 (decimal 161)
   defining Unicode char U+00A3 (decimal 163)
   defining Unicode char U+00AB (decimal 171)
   defining Unicode char U+00BB (decimal 187)
   defining Unicode char U+00BF (decimal 191)
   defining Unicode char U+00C0 (decimal 192)
   defining Unicode char U+00C1 (decimal 193)
   defining Unicode char U+00C2 (decimal 194)
   defining Unicode char U+00C3 (decimal 195)
   defining Unicode char U+00C4 (decimal 196)
   defining Unicode char U+00C5 (decimal 197)
   defining Unicode char U+00C6 (decimal 198)
   defining Unicode char U+00C7 (decimal 199)
   defining Unicode char U+00C8 (decimal 200)
   defining Unicode char U+00C9 (decimal 201)
   defining Unicode char U+00CA (decimal 202)
   defining Unicode char U+00CB (decimal 203)
   defining Unicode char U+00CC (decimal 204)
   defining Unicode char U+00CD (decimal 205)
   defining Unicode char U+00CE (decimal 206)
   defining Unicode char U+00CF (decimal 207)
   defining Unicode char U+00D0 (decimal 208)
   defining Unicode char U+00D1 (decimal 209)
   defining Unicode char U+00D2 (decimal 210)
   defining Unicode char U+00D3 (decimal 211)
   defining Unicode char U+00D4 (decimal 212)
   defining Unicode char U+00D5 (decimal 213)
   defining Unicode char U+00D6 (decimal 214)
   defining Unicode char U+00D8 (decimal 216)
   defining Unicode char U+00D9 (decimal 217)
   defining Unicode char U+00DA (decimal 218)
   defining Unicode char U+00DB (decimal 219)
   defining Unicode char U+00DC (decimal 220)
   defining Unicode char U+00DD (decimal 221)
   defining Unicode char U+00DE (decimal 222)
   defining Unicode char U+00DF (decimal 223)
   defining Unicode char U+00E0 (decimal 224)
   defining Unicode char U+00E1 (decimal 225)
   defining Unicode char U+00E2 (decimal 226)
   defining Unicode char U+00E3 (decimal 227)
   defining Unicode char U+00E4 (decimal 228)
   defining Unicode char U+00E5 (decimal 229)
   defining Unicode char U+00E6 (decimal 230)
   defining Unicode char U+00E7 (decimal 231)
   defining Unicode char U+00E8 (decimal 232)
   defining Unicode char U+00E9 (decimal 233)
   defining Unicode char U+00EA (decimal 234)
   defining Unicode char U+00EB (decimal 235)
   defining Unicode char U+00EC (decimal 236)
   defining Unicode char U+00ED (decimal 237)
   defining Unicode char U+00EE (decimal 238)
   defining Unicode char U+00EF (decimal 239)
   defining Unicode char U+00F0 (decimal 240)
   defining Unicode char U+00F1 (decimal 241)
   defining Unicode char U+00F2 (decimal 242)
   defining Unicode char U+00F3 (decimal 243)
   defining Unicode char U+00F4 (decimal 244)
   defining Unicode char U+00F5 (decimal 245)
   defining Unicode char U+00F6 (decimal 246)
   defining Unicode char U+00F8 (decimal 248)
   defining Unicode char U+00F9 (decimal 249)
   defining Unicode char U+00FA (decimal 250)
   defining Unicode char U+00FB (decimal 251)
   defining Unicode char U+00FC (decimal 252)
   defining Unicode char U+00FD (decimal 253)
   defining Unicode char U+00FE (decimal 254)
   defining Unicode char U+00FF (decimal 255)
   defining Unicode char U+0102 (decimal 258)
   defining Unicode char U+0103 (decimal 259)
   defining Unicode char U+0104 (decimal 260)
   defining Unicode char U+0105 (decimal 261)
   defining Unicode char U+0106 (decimal 262)
   defining Unicode char U+0107 (decimal 263)
   defining Unicode char U+010C (decimal 268)
   defining Unicode char U+010D (decimal 269)
   defining Unicode char U+010E (decimal 270)
   defining Unicode char U+010F (decimal 271)
   defining Unicode char U+0110 (decimal 272)
   defining Unicode char U+0111 (decimal 273)
   defining Unicode char U+0118 (decimal 280)
   defining Unicode char U+0119 (decimal 281)
   defining Unicode char U+011A (decimal 282)
   defining Unicode char U+011B (decimal 283)
   defining Unicode char U+011E (decimal 286)
   defining Unicode char U+011F (decimal 287)
   defining Unicode char U+0130 (decimal 304)
   defining Unicode char U+0131 (decimal 305)
   defining Unicode char U+0132 (decimal 306)
   defining Unicode char U+0133 (decimal 307)
   defining Unicode char U+0139 (decimal 313)
   defining Unicode char U+013A (decimal 314)
   defining Unicode char U+013D (decimal 317)
   defining Unicode char U+013E (decimal 318)
   defining Unicode char U+0141 (decimal 321)
   defining Unicode char U+0142 (decimal 322)
   defining Unicode char U+0143 (decimal 323)
   defining Unicode char U+0144 (decimal 324)
   defining Unicode char U+0147 (decimal 327)
   defining Unicode char U+0148 (decimal 328)
   defining Unicode char U+014A (decimal 330)
   defining Unicode char U+014B (decimal 331)
   defining Unicode char U+0150 (decimal 336)
   defining Unicode char U+0151 (decimal 337)
   defining Unicode char U+0152 (decimal 338)
   defining Unicode char U+0153 (decimal 339)
   defining Unicode char U+0154 (decimal 340)
   defining Unicode char U+0155 (decimal 341)
   defining Unicode char U+0158 (decimal 344)
   defining Unicode char U+0159 (decimal 345)
   defining Unicode char U+015A (decimal 346)
   defining Unicode char U+015B (decimal 347)
   defining Unicode char U+015E (decimal 350)
   defining Unicode char U+015F (decimal 351)
   defining Unicode char U+0160 (decimal 352)
   defining Unicode char U+0161 (decimal 353)
   defining Unicode char U+0162 (decimal 354)
   defining Unicode char U+0163 (decimal 355)
   defining Unicode char U+0164 (decimal 356)
   defining Unicode char U+0165 (decimal 357)
   defining Unicode char U+016E (decimal 366)
   defining Unicode char U+016F (decimal 367)
   defining Unicode char U+0170 (decimal 368)
   defining Unicode char U+0171 (decimal 369)
   defining Unicode char U+0178 (decimal 376)
   defining Unicode char U+0179 (decimal 377)
   defining Unicode char U+017A (decimal 378)
   defining Unicode char U+017B (decimal 379)
   defining Unicode char U+017C (decimal 380)
   defining Unicode char U+017D (decimal 381)
   defining Unicode char U+017E (decimal 382)
   defining Unicode char U+200C (decimal 8204)
   defining Unicode char U+2013 (decimal 8211)
   defining Unicode char U+2014 (decimal 8212)
   defining Unicode char U+2018 (decimal 8216)
   defining Unicode char U+2019 (decimal 8217)
   defining Unicode char U+201A (decimal 8218)
   defining Unicode char U+201C (decimal 8220)
   defining Unicode char U+201D (decimal 8221)
   defining Unicode char U+201E (decimal 8222)
   defining Unicode char U+2030 (decimal 8240)
   defining Unicode char U+2031 (decimal 8241)
   defining Unicode char U+2039 (decimal 8249)
   defining Unicode char U+203A (decimal 8250)
   defining Unicode char U+2423 (decimal 9251)
)
Now handling font encoding OT1 ...
... processing UTF-8 mapping file for font encoding OT1

(/opt/local/share/texmf-texlive/tex/latex/base/ot1enc.dfu
File: ot1enc.dfu 2014/09/29 v1.1m UTF-8 support for inputenc
   defining Unicode char U+00A1 (decimal 161)
   defining Unicode char U+00A3 (decimal 163)
   defining Unicode char U+00B8 (decimal 184)
   defining Unicode char U+00BF (decimal 191)
   defining Unicode char U+00C5 (decimal 197)
   defining Unicode char U+00C6 (decimal 198)
   defining Unicode char U+00D8 (decimal 216)
   defining Unicode char U+00DF (decimal 223)
   defining Unicode char U+00E6 (decimal 230)
   defining Unicode char U+00EC (decimal 236)
   defining Unicode char U+00ED (decimal 237)
   defining Unicode char U+00EE (decimal 238)
   defining Unicode char U+00EF (decimal 239)
   defining Unicode char U+00F8 (decimal 248)
   defining Unicode char U+0131 (decimal 305)
   defining Unicode char U+0141 (decimal 321)
   defining Unicode char U+0142 (decimal 322)
   defining Unicode char U+0152 (decimal 338)
   defining Unicode char U+0153 (decimal 339)
   defining Unicode char U+2013 (decimal 8211)
   defining Unicode char U+2014 (decimal 8212)
   defining Unicode char U+2018 (decimal 8216)
   defining Unicode char U+2019 (decimal 8217)
   defining Unicode char U+201C (decimal 8220)
   defining Unicode char U+201D (decimal 8221)
)
Now handling font encoding OMS ...
... processing UTF-8 mapping file for font encoding OMS

(/opt/local/share/texmf-texlive/tex/latex/base/omsenc.dfu
File: omsenc.dfu 2014/09/29 v1.1m UTF-8 support for inputenc
   defining Unicode char U+00A7 (decimal 167)
   defining Unicode char U+00B6 (decimal 182)
   defining Unicode char U+00B7 (decimal 183)
   defining Unicode char U+2020 (decimal 8224)
   defining Unicode char U+2021 (decimal 8225)
   defining Unicode char U+2022 (decimal 8226)
)
Now handling font encoding OMX ...
... no UTF-8 mapping file for font encoding OMX
Now handling font encoding U ...
... no UTF-8 mapping file for font encoding U
Now handling font encoding PD1 ...
... no UTF-8 mapping file for font encoding PD1
   defining Unicode char U+00A9 (decimal 169)
   defining Unicode char U+00AA (decimal 170)
   defining Unicode char U+00AE (decimal 174)
   defining Unicode char U+00BA (decimal 186)
   defining Unicode char U+02C6 (decimal 710)
   defining Unicode char U+02DC (decimal 732)
   defining Unicode char U+200C (decimal 8204)
   defining Unicode char U+2026 (decimal 8230)
   defining Unicode char U+2122 (decimal 8482)
   defining Unicode char U+2423 (decimal 9251)
))
(/opt/local/share/texmf-texlive/tex/latex/xcolor/xcolor.sty
Package: xcolor 2007/01/21 v2.11 LaTeX color extensions (UK)

(/opt/local/share/texmf-texlive/tex/latex/latexconfig/color.cfg
File: color.cfg 2007/01/18 v1.5 color configuration of teTeX/TeXLive
)
Package xcolor Info: Driver file: pdftex.def on input line 225.

(/opt/local/share/texmf-texlive/tex/latex/colortbl/colortbl.sty
Package: colortbl 2012/02/13 v1.0a Color table columns (DPC)

(/opt/local/share/texmf-texlive/tex/latex/tools/array.sty
Package: array 2014/10/28 v2.4c Tabular extension package (FMi)
\col@sep=\dimen133
\extrarowheight=\dimen134
\NC@list=\toks24
\extratabsurround=\skip55
\backup@length=\skip56
)
\everycr=\toks25
\minrowclearance=\skip57
)
\rownum=\count128
Package xcolor Info: Model `cmy' substituted by `cmy0' on input line 1337.
Package xcolor Info: Model `hsb' substituted by `rgb' on input line 1341.
Package xcolor Info: Model `RGB' extended on input line 1353.
Package xcolor Info: Model `HTML' substituted by `rgb' on input line 1355.
Package xcolor Info: Model `Hsb' substituted by `hsb' on input line 1356.
Package xcolor Info: Model `tHsb' substituted by `hsb' on input line 1357.
Package xcolor Info: Model `HSB' substituted by `hsb' on input line 1358.
Package xcolor Info: Model `Gray' substituted by `gray' on input line 1359.
Package xcolor Info: Model `wave' substituted by `hsb' on input line 1360.
)
(./Verification score report.aux)
\openout1 = `"Verification score report.aux"'.

LaTeX Font Info:    Checking defaults for OML/cmm/m/it on input line 5.
LaTeX Font Info:    ... okay on input line 5.
LaTeX Font Info:    Checking defaults for T1/cmr/m/n on input line 5.
LaTeX Font Info:    ... okay on input line 5.
LaTeX Font Info:    Checking defaults for OT1/cmr/m/n on input line 5.
LaTeX Font Info:    ... okay on input line 5.
LaTeX Font Info:    Checking defaults for OMS/cmsy/m/n on input line 5.
LaTeX Font Info:    ... okay on input line 5.
LaTeX Font Info:    Checking defaults for OMX/cmex/m/n on input line 5.
LaTeX Font Info:    ... okay on input line 5.
LaTeX Font Info:    Checking defaults for U/cmr/m/n on input line 5.
LaTeX Font Info:    ... okay on input line 5.
LaTeX Font Info:    Checking defaults for PD1/pdf/m/n on input line 5.
LaTeX Font Info:    ... okay on input line 5.
\c@lstlisting=\count129

(/opt/local/share/texmf-texlive/tex/context/base/supp-pdf.mkii
[Loading MPS to PDF converter (version 2006.09.02).]
\scratchcounter=\count130
\scratchdimen=\dimen135
\scratchbox=\box34
\nofMPsegments=\count131
\nofMParguments=\count132
\everyMPshowfont=\toks26
\MPscratchCnt=\count133
\MPscratchDim=\dimen136
\MPnumerator=\count134
\makeMPintoPDFobject=\count135
\everyMPtoPDFconversion=\toks27
) (/opt/local/share/texmf-texlive/tex/latex/oberdiek/epstopdf-base.sty
Package: epstopdf-base 2010/02/09 v2.5 Base part for package epstopdf

(/opt/local/share/texmf-texlive/tex/latex/oberdiek/grfext.sty
Package: grfext 2010/08/19 v1.1 Manage graphics extensions (HO)
)
Package grfext Info: Graphics extension search list:
(grfext)             [.png,.pdf,.jpg,.mps,.jpeg,.jbig2,.jb2,.PNG,.PDF,.JPG,.JPE
G,.JBIG2,.JB2,.eps]
(grfext)             \AppendGraphicsExtensions on input line 452.

(/opt/local/share/texmf-texlive/tex/latex/latexconfig/epstopdf-sys.cfg
File: epstopdf-sys.cfg 2010/07/13 v1.3 Configuration of (r)epstopdf for TeX Liv
e
))
\AtBeginShipoutBox=\box35
Package hyperref Info: Link coloring OFF on input line 5.

(/opt/local/share/texmf-texlive/tex/latex/hyperref/nameref.sty
Package: nameref 2012/10/27 v2.43 Cross-referencing by name of section

(/opt/local/share/texmf-texlive/tex/generic/oberdiek/gettitlestring.sty
Package: gettitlestring 2010/12/03 v1.4 Cleanup title references (HO)
)
\c@section@level=\count136
)
LaTeX Info: Redefining \ref on input line 5.
LaTeX Info: Redefining \pageref on input line 5.
LaTeX Info: Redefining \nameref on input line 5.

(./Verification score report.out) (./Verification score report.out)
\@outlinefile=\write3
\openout3 = `"Verification score report.out"'.


Chapter 1.

Overfull \hbox (8.7696pt too wide) in alignment at lines 7--14
 [] [] [] [] [] [] [] [] 
 []


Overfull \hbox (8.7696pt too wide) in alignment at lines 14--37
 [] [] [] [] [] [] [] [] 
 []


Overfull \hbox (8.7696pt too wide) in alignment at lines 37--59
 [] [] [] [] [] [] [] [] 
 []


Overfull \hbox (8.7696pt too wide) in alignment at lines 59--81
 [] [] [] [] [] [] [] [] 
 []

[1


{/opt/local/var/db/texmf/fonts/map/pdftex/updmap/pdftex.map}]
Overfull \hbox (8.7696pt too wide) in alignment at lines 81--86
 [] [] [] [] [] [] [] [] 
 []


Overfull \hbox (77.55424pt too wide) in alignment at lines 87--96
 [] [] [] [] [] [] [] [] [] [] [] 
 []


Overfull \hbox (77.55424pt too wide) in alignment at lines 96--107
 [] [] [] [] [] [] [] [] [] [] [] 
 []

[2]
Overfull \hbox (8.7696pt too wide) in alignment at lines 108--115
 [] [] [] [] [] [] [] [] 
 []


Overfull \hbox (8.7696pt too wide) in alignment at lines 115--138
 [] [] [] [] [] [] [] [] 
 []


Overfull \hbox (8.7696pt too wide) in alignment at lines 138--160
 [] [] [] [] [] [] [] [] 
 []


Overfull \hbox (8.7696pt too wide) in alignment at lines 160--182
 [] [] [] [] [] [] [] [] 
 []

[3]
Overfull \hbox (8.7696pt too wide) in alignment at lines 182--187
 [] [] [] [] [] [] [] [] 
 []


Overfull \hbox (77.55424pt too wide) in alignment at lines 188--197
 [] [] [] [] [] [] [] [] [] [] [] 
 []


Overfull \hbox (77.55424pt too wide) in alignment at lines 197--208
 [] [] [] [] [] [] [] [] [] [] [] 
 []

[4]
Overfull \hbox (8.7696pt too wide) in alignment at lines 209--216
 [] [] [] [] [] [] [] [] 
 []


Overfull \hbox (8.7696pt too wide) in alignment at lines 216--239
 [] [] [] [] [] [] [] [] 
 []


Overfull \hbox (8.7696pt too wide) in alignment at lines 239--261
 [] [] [] [] [] [] [] [] 
 []


Overfull \hbox (8.7696pt too wide) in alignment at lines 261--283
 [] [] [] [] [] [] [] [] 
 []

[5]
Overfull \hbox (8.7696pt too wide) in alignment at lines 283--288
 [] [] [] [] [] [] [] [] 
 []


Overfull \hbox (77.55424pt too wide) in alignment at lines 289--298
 [] [] [] [] [] [] [] [] [] [] [] 
 []


Overfull \hbox (77.55424pt too wide) in alignment at lines 298--309
 [] [] [] [] [] [] [] [] [] [] [] 
 []

[6]
Overfull \hbox (8.7696pt too wide) in alignment at lines 310--317
 [] [] [] [] [] [] [] [] 
 []


Overfull \hbox (8.7696pt too wide) in alignment at lines 317--340
 [] [] [] [] [] [] [] [] 
 []


Overfull \hbox (8.7696pt too wide) in alignment at lines 340--362
 [] [] [] [] [] [] [] [] 
 []


Overfull \hbox (8.7696pt too wide) in alignment at lines 362--384
 [] [] [] [] [] [] [] [] 
 []

[7]
Overfull \hbox (8.7696pt too wide) in alignment at lines 384--389
 [] [] [] [] [] [] [] [] 
 []


Overfull \hbox (77.55424pt too wide) in alignment at lines 390--399
 [] [] [] [] [] [] [] [] [] [] [] 
 []


Overfull \hbox (77.55424pt too wide) in alignment at lines 399--410
 [] [] [] [] [] [] [] [] [] [] [] 
 []


Overfull \hbox (8.7696pt too wide) in alignment at lines 411--418
 [] [] [] [] [] [] [] [] 
 []


Overfull \hbox (8.7696pt too wide) in alignment at lines 418--441
 [] [] [] [] [] [] [] [] 
 []

[8]
Overfull \hbox (8.7696pt too wide) in alignment at lines 441--463
 [] [] [] [] [] [] [] [] 
 []


Overfull \hbox (8.7696pt too wide) in alignment at lines 463--485
 [] [] [] [] [] [] [] [] 
 []


Overfull \hbox (8.7696pt too wide) in alignment at lines 485--490
 [] [] [] [] [] [] [] [] 
 []

[9]
Overfull \hbox (73.90425pt too wide) in alignment at lines 491--500
 [] [] [] [] [] [] [] [] [] [] [] 
 []


Overfull \hbox (73.90425pt too wide) in alignment at lines 500--511
 [] [] [] [] [] [] [] [] [] [] [] 
 []


Overfull \hbox (8.7696pt too wide) in alignment at lines 512--519
 [] [] [] [] [] [] [] [] 
 []


Overfull \hbox (8.7696pt too wide) in alignment at lines 519--542
 [] [] [] [] [] [] [] [] 
 []


Overfull \hbox (8.7696pt too wide) in alignment at lines 542--564
 [] [] [] [] [] [] [] [] 
 []

[10]
Overfull \hbox (8.7696pt too wide) in alignment at lines 564--586
 [] [] [] [] [] [] [] [] 
 []


Overfull \hbox (8.7696pt too wide) in alignment at lines 586--591
 [] [] [] [] [] [] [] [] 
 []

[11]
Overfull \hbox (77.55424pt too wide) in alignment at lines 592--601
 [] [] [] [] [] [] [] [] [] [] [] 
 []


Overfull \hbox (77.55424pt too wide) in alignment at lines 601--612
 [] [] [] [] [] [] [] [] [] [] [] 
 []


Overfull \hbox (8.7696pt too wide) in alignment at lines 613--620
 [] [] [] [] [] [] [] [] 
 []


Overfull \hbox (8.7696pt too wide) in alignment at lines 620--643
 [] [] [] [] [] [] [] [] 
 []


Overfull \hbox (8.7696pt too wide) in alignment at lines 643--665
 [] [] [] [] [] [] [] [] 
 []

[12]
Overfull \hbox (8.7696pt too wide) in alignment at lines 665--687
 [] [] [] [] [] [] [] [] 
 []


Overfull \hbox (8.7696pt too wide) in alignment at lines 687--692
 [] [] [] [] [] [] [] [] 
 []

[13]
Overfull \hbox (77.55424pt too wide) in alignment at lines 693--702
 [] [] [] [] [] [] [] [] [] [] [] 
 []


Overfull \hbox (77.55424pt too wide) in alignment at lines 702--713
 [] [] [] [] [] [] [] [] [] [] [] 
 []


Overfull \hbox (8.7696pt too wide) in alignment at lines 714--721
 [] [] [] [] [] [] [] [] 
 []


Overfull \hbox (8.7696pt too wide) in alignment at lines 721--744
 [] [] [] [] [] [] [] [] 
 []


Overfull \hbox (8.7696pt too wide) in alignment at lines 744--766
 [] [] [] [] [] [] [] [] 
 []

[14]
Overfull \hbox (8.7696pt too wide) in alignment at lines 766--788
 [] [] [] [] [] [] [] [] 
 []


Overfull \hbox (8.7696pt too wide) in alignment at lines 788--793
 [] [] [] [] [] [] [] [] 
 []

[15]
Overfull \hbox (77.55424pt too wide) in alignment at lines 794--803
 [] [] [] [] [] [] [] [] [] [] [] 
 []


Overfull \hbox (77.55424pt too wide) in alignment at lines 803--814
 [] [] [] [] [] [] [] [] [] [] [] 
 []


Overfull \hbox (8.7696pt too wide) in alignment at lines 815--822
 [] [] [] [] [] [] [] [] 
 []


Overfull \hbox (8.7696pt too wide) in alignment at lines 822--845
 [] [] [] [] [] [] [] [] 
 []


Overfull \hbox (8.7696pt too wide) in alignment at lines 845--867
 [] [] [] [] [] [] [] [] 
 []

[16]
Overfull \hbox (8.7696pt too wide) in alignment at lines 867--889
 [] [] [] [] [] [] [] [] 
 []


Overfull \hbox (8.7696pt too wide) in alignment at lines 889--894
 [] [] [] [] [] [] [] [] 
 []

[17]
Overfull \hbox (77.55424pt too wide) in alignment at lines 895--904
 [] [] [] [] [] [] [] [] [] [] [] 
 []


Overfull \hbox (77.55424pt too wide) in alignment at lines 904--915
 [] [] [] [] [] [] [] [] [] [] [] 
 []


Overfull \hbox (8.7696pt too wide) in alignment at lines 916--923
 [] [] [] [] [] [] [] [] 
 []


Overfull \hbox (8.7696pt too wide) in alignment at lines 923--946
 [] [] [] [] [] [] [] [] 
 []


Overfull \hbox (8.7696pt too wide) in alignment at lines 946--968
 [] [] [] [] [] [] [] [] 
 []

[18]
Overfull \hbox (8.7696pt too wide) in alignment at lines 968--990
 [] [] [] [] [] [] [] [] 
 []


Overfull \hbox (8.7696pt too wide) in alignment at lines 990--995
 [] [] [] [] [] [] [] [] 
 []

[19]
Overfull \hbox (70.25426pt too wide) in alignment at lines 996--1005
 [] [] [] [] [] [] [] [] [] [] [] 
 []


Overfull \hbox (70.25426pt too wide) in alignment at lines 1005--1016
 [] [] [] [] [] [] [] [] [] [] [] 
 []


Overfull \hbox (8.7696pt too wide) in alignment at lines 1017--1024
 [] [] [] [] [] [] [] [] 
 []


Overfull \hbox (8.7696pt too wide) in alignment at lines 1024--1047
 [] [] [] [] [] [] [] [] 
 []


Overfull \hbox (8.7696pt too wide) in alignment at lines 1047--1069
 [] [] [] [] [] [] [] [] 
 []

[20]
Overfull \hbox (8.7696pt too wide) in alignment at lines 1069--1091
 [] [] [] [] [] [] [] [] 
 []


Overfull \hbox (8.7696pt too wide) in alignment at lines 1091--1096
 [] [] [] [] [] [] [] [] 
 []

[21]
Overfull \hbox (77.55424pt too wide) in alignment at lines 1097--1106
 [] [] [] [] [] [] [] [] [] [] [] 
 []


Overfull \hbox (77.55424pt too wide) in alignment at lines 1106--1117
 [] [] [] [] [] [] [] [] [] [] [] 
 []


Overfull \hbox (8.7696pt too wide) in alignment at lines 1118--1125
 [] [] [] [] [] [] [] [] 
 []


Overfull \hbox (8.7696pt too wide) in alignment at lines 1125--1148
 [] [] [] [] [] [] [] [] 
 []


Overfull \hbox (8.7696pt too wide) in alignment at lines 1148--1170
 [] [] [] [] [] [] [] [] 
 []


Overfull \hbox (8.7696pt too wide) in alignment at lines 1170--1192
 [] [] [] [] [] [] [] [] 
 []

[22]
Overfull \hbox (8.7696pt too wide) in alignment at lines 1192--1197
 [] [] [] [] [] [] [] [] 
 []

[23]
Overfull \hbox (77.55424pt too wide) in alignment at lines 1198--1207
 [] [] [] [] [] [] [] [] [] [] [] 
 []


Overfull \hbox (77.55424pt too wide) in alignment at lines 1207--1218
 [] [] [] [] [] [] [] [] [] [] [] 
 []


Overfull \hbox (8.7696pt too wide) in alignment at lines 1219--1226
 [] [] [] [] [] [] [] [] 
 []


Overfull \hbox (8.7696pt too wide) in alignment at lines 1226--1249
 [] [] [] [] [] [] [] [] 
 []


Overfull \hbox (8.7696pt too wide) in alignment at lines 1249--1271
 [] [] [] [] [] [] [] [] 
 []


Overfull \hbox (8.7696pt too wide) in alignment at lines 1271--1293
 [] [] [] [] [] [] [] [] 
 []

[24]
Overfull \hbox (8.7696pt too wide) in alignment at lines 1293--1298
 [] [] [] [] [] [] [] [] 
 []


Overfull \hbox (77.55424pt too wide) in alignment at lines 1299--1308
 [] [] [] [] [] [] [] [] [] [] [] 
 []


Overfull \hbox (77.55424pt too wide) in alignment at lines 1308--1319
 [] [] [] [] [] [] [] [] [] [] [] 
 []

[25]
Overfull \hbox (8.7696pt too wide) in alignment at lines 1320--1327
 [] [] [] [] [] [] [] [] 
 []


Overfull \hbox (8.7696pt too wide) in alignment at lines 1327--1350
 [] [] [] [] [] [] [] [] 
 []


Overfull \hbox (8.7696pt too wide) in alignment at lines 1350--1372
 [] [] [] [] [] [] [] [] 
 []


Overfull \hbox (8.7696pt too wide) in alignment at lines 1372--1394
 [] [] [] [] [] [] [] [] 
 []

[26]
Overfull \hbox (8.7696pt too wide) in alignment at lines 1394--1399
 [] [] [] [] [] [] [] [] 
 []


Overfull \hbox (77.55424pt too wide) in alignment at lines 1400--1409
 [] [] [] [] [] [] [] [] [] [] [] 
 []


Overfull \hbox (77.55424pt too wide) in alignment at lines 1409--1420
 [] [] [] [] [] [] [] [] [] [] [] 
 []

[27]
Overfull \hbox (8.7696pt too wide) in alignment at lines 1421--1428
 [] [] [] [] [] [] [] [] 
 []


Overfull \hbox (8.7696pt too wide) in alignment at lines 1428--1451
 [] [] [] [] [] [] [] [] 
 []


Overfull \hbox (8.7696pt too wide) in alignment at lines 1451--1473
 [] [] [] [] [] [] [] [] 
 []


Overfull \hbox (8.7696pt too wide) in alignment at lines 1473--1495
 [] [] [] [] [] [] [] [] 
 []

[28]
Overfull \hbox (8.7696pt too wide) in alignment at lines 1495--1500
 [] [] [] [] [] [] [] [] 
 []


Overfull \hbox (77.55424pt too wide) in alignment at lines 1501--1510
 [] [] [] [] [] [] [] [] [] [] [] 
 []


Overfull \hbox (77.55424pt too wide) in alignment at lines 1510--1521
 [] [] [] [] [] [] [] [] [] [] [] 
 []

[29]
Overfull \hbox (43.034pt too wide) in alignment at lines 1522--1529
 [] [] [] [] [] [] [] [] 
 []


Overfull \hbox (43.034pt too wide) in alignment at lines 1529--1552
 [] [] [] [] [] [] [] [] 
 []


Overfull \hbox (43.034pt too wide) in alignment at lines 1552--1574
 [] [] [] [] [] [] [] [] 
 []


Overfull \hbox (43.034pt too wide) in alignment at lines 1574--1596
 [] [] [] [] [] [] [] [] 
 []

[30]
Overfull \hbox (43.034pt too wide) in alignment at lines 1596--1601
 [] [] [] [] [] [] [] [] 
 []


Overfull \hbox (77.55424pt too wide) in alignment at lines 1602--1611
 [] [] [] [] [] [] [] [] [] [] [] 
 []


Overfull \hbox (77.55424pt too wide) in alignment at lines 1611--1622
 [] [] [] [] [] [] [] [] [] [] [] 
 []


Overfull \hbox (5.75836pt too wide) in alignment at lines 1623--1630
 [] [] [] [] [] [] [] [] 
 []


Overfull \hbox (5.75836pt too wide) in alignment at lines 1630--1653
 [] [] [] [] [] [] [] [] 
 []

[31]
Overfull \hbox (5.75836pt too wide) in alignment at lines 1653--1675
 [] [] [] [] [] [] [] [] 
 []


Overfull \hbox (5.75836pt too wide) in alignment at lines 1675--1697
 [] [] [] [] [] [] [] [] 
 []


Overfull \hbox (5.75836pt too wide) in alignment at lines 1697--1702
 [] [] [] [] [] [] [] [] 
 []

[32]
Overfull \hbox (42.57515pt too wide) in alignment at lines 1703--1712
 [] [] [] [] [] [] [] [] [] [] [] 
 []


Overfull \hbox (42.57515pt too wide) in alignment at lines 1712--1723
 [] [] [] [] [] [] [] [] [] [] [] 
 []


Overfull \hbox (21.13397pt too wide) in alignment at lines 1724--1731
 [] [] [] [] [] [] [] [] 
 []


Overfull \hbox (21.13397pt too wide) in alignment at lines 1731--1754
 [] [] [] [] [] [] [] [] 
 []


Overfull \hbox (21.13397pt too wide) in alignment at lines 1754--1776
 [] [] [] [] [] [] [] [] 
 []

[33]
Overfull \hbox (21.13397pt too wide) in alignment at lines 1776--1798
 [] [] [] [] [] [] [] [] 
 []


Overfull \hbox (21.13397pt too wide) in alignment at lines 1798--1803
 [] [] [] [] [] [] [] [] 
 []

[34]
Overfull \hbox (77.55424pt too wide) in alignment at lines 1804--1813
 [] [] [] [] [] [] [] [] [] [] [] 
 []


Overfull \hbox (77.55424pt too wide) in alignment at lines 1813--1824
 [] [] [] [] [] [] [] [] [] [] [] 
 []


Overfull \hbox (14.24461pt too wide) in alignment at lines 1825--1832
 [] [] [] [] [] [] [] [] 
 []


Overfull \hbox (14.24461pt too wide) in alignment at lines 1832--1855
 [] [] [] [] [] [] [] [] 
 []


Overfull \hbox (14.24461pt too wide) in alignment at lines 1855--1877
 [] [] [] [] [] [] [] [] 
 []

[35]
Overfull \hbox (14.24461pt too wide) in alignment at lines 1877--1899
 [] [] [] [] [] [] [] [] 
 []


Overfull \hbox (14.24461pt too wide) in alignment at lines 1899--1904
 [] [] [] [] [] [] [] [] 
 []

[36]
Overfull \hbox (77.55424pt too wide) in alignment at lines 1905--1914
 [] [] [] [] [] [] [] [] [] [] [] 
 []


Overfull \hbox (77.55424pt too wide) in alignment at lines 1914--1925
 [] [] [] [] [] [] [] [] [] [] [] 
 []


Overfull \hbox (8.7696pt too wide) in alignment at lines 1926--1933
 [] [] [] [] [] [] [] [] 
 []


Overfull \hbox (8.7696pt too wide) in alignment at lines 1933--1956
 [] [] [] [] [] [] [] [] 
 []


Overfull \hbox (8.7696pt too wide) in alignment at lines 1956--1978
 [] [] [] [] [] [] [] [] 
 []

[37]
Overfull \hbox (8.7696pt too wide) in alignment at lines 1978--2000
 [] [] [] [] [] [] [] [] 
 []


Overfull \hbox (8.7696pt too wide) in alignment at lines 2000--2005
 [] [] [] [] [] [] [] [] 
 []

[38]
Overfull \hbox (73.90425pt too wide) in alignment at lines 2006--2015
 [] [] [] [] [] [] [] [] [] [] [] 
 []


Overfull \hbox (73.90425pt too wide) in alignment at lines 2015--2026
 [] [] [] [] [] [] [] [] [] [] [] 
 []


Overfull \hbox (8.7696pt too wide) in alignment at lines 2027--2034
 [] [] [] [] [] [] [] [] 
 []


Overfull \hbox (8.7696pt too wide) in alignment at lines 2034--2057
 [] [] [] [] [] [] [] [] 
 []


Overfull \hbox (8.7696pt too wide) in alignment at lines 2057--2079
 [] [] [] [] [] [] [] [] 
 []

[39]
Overfull \hbox (8.7696pt too wide) in alignment at lines 2079--2101
 [] [] [] [] [] [] [] [] 
 []


Overfull \hbox (8.7696pt too wide) in alignment at lines 2101--2106
 [] [] [] [] [] [] [] [] 
 []

[40]
Overfull \hbox (77.55424pt too wide) in alignment at lines 2107--2116
 [] [] [] [] [] [] [] [] [] [] [] 
 []


Overfull \hbox (77.55424pt too wide) in alignment at lines 2116--2127
 [] [] [] [] [] [] [] [] [] [] [] 
 []


Overfull \hbox (8.7696pt too wide) in alignment at lines 2128--2135
 [] [] [] [] [] [] [] [] 
 []


Overfull \hbox (8.7696pt too wide) in alignment at lines 2135--2158
 [] [] [] [] [] [] [] [] 
 []


Overfull \hbox (8.7696pt too wide) in alignment at lines 2158--2180
 [] [] [] [] [] [] [] [] 
 []

[41]
Overfull \hbox (8.7696pt too wide) in alignment at lines 2180--2202
 [] [] [] [] [] [] [] [] 
 []


Overfull \hbox (8.7696pt too wide) in alignment at lines 2202--2207
 [] [] [] [] [] [] [] [] 
 []

[42]
Overfull \hbox (77.55424pt too wide) in alignment at lines 2208--2217
 [] [] [] [] [] [] [] [] [] [] [] 
 []


Overfull \hbox (77.55424pt too wide) in alignment at lines 2217--2228
 [] [] [] [] [] [] [] [] [] [] [] 
 []


Overfull \hbox (8.7696pt too wide) in alignment at lines 2229--2236
 [] [] [] [] [] [] [] [] 
 []


Overfull \hbox (8.7696pt too wide) in alignment at lines 2236--2259
 [] [] [] [] [] [] [] [] 
 []


Overfull \hbox (8.7696pt too wide) in alignment at lines 2259--2281
 [] [] [] [] [] [] [] [] 
 []

[43]
Overfull \hbox (8.7696pt too wide) in alignment at lines 2281--2303
 [] [] [] [] [] [] [] [] 
 []


Overfull \hbox (8.7696pt too wide) in alignment at lines 2303--2308
 [] [] [] [] [] [] [] [] 
 []

[44]
Overfull \hbox (77.55424pt too wide) in alignment at lines 2309--2318
 [] [] [] [] [] [] [] [] [] [] [] 
 []


Overfull \hbox (77.55424pt too wide) in alignment at lines 2318--2329
 [] [] [] [] [] [] [] [] [] [] [] 
 []


Overfull \hbox (8.7696pt too wide) in alignment at lines 2330--2337
 [] [] [] [] [] [] [] [] 
 []


Overfull \hbox (8.7696pt too wide) in alignment at lines 2337--2360
 [] [] [] [] [] [] [] [] 
 []


Overfull \hbox (8.7696pt too wide) in alignment at lines 2360--2382
 [] [] [] [] [] [] [] [] 
 []


Overfull \hbox (8.7696pt too wide) in alignment at lines 2382--2404
 [] [] [] [] [] [] [] [] 
 []

[45]
Overfull \hbox (8.7696pt too wide) in alignment at lines 2404--2409
 [] [] [] [] [] [] [] [] 
 []

[46]
Overfull \hbox (77.55424pt too wide) in alignment at lines 2410--2419
 [] [] [] [] [] [] [] [] [] [] [] 
 []


Overfull \hbox (77.55424pt too wide) in alignment at lines 2419--2430
 [] [] [] [] [] [] [] [] [] [] [] 
 []


Overfull \hbox (8.7696pt too wide) in alignment at lines 2431--2438
 [] [] [] [] [] [] [] [] 
 []


Overfull \hbox (8.7696pt too wide) in alignment at lines 2438--2461
 [] [] [] [] [] [] [] [] 
 []


Overfull \hbox (8.7696pt too wide) in alignment at lines 2461--2483
 [] [] [] [] [] [] [] [] 
 []


Overfull \hbox (8.7696pt too wide) in alignment at lines 2483--2505
 [] [] [] [] [] [] [] [] 
 []

[47]
Overfull \hbox (8.7696pt too wide) in alignment at lines 2505--2510
 [] [] [] [] [] [] [] [] 
 []


Overfull \hbox (77.55424pt too wide) in alignment at lines 2511--2520
 [] [] [] [] [] [] [] [] [] [] [] 
 []


Overfull \hbox (77.55424pt too wide) in alignment at lines 2520--2531
 [] [] [] [] [] [] [] [] [] [] [] 
 []

[48]
Overfull \hbox (21.13397pt too wide) in alignment at lines 2532--2539
 [] [] [] [] [] [] [] [] 
 []


Overfull \hbox (21.13397pt too wide) in alignment at lines 2539--2562
 [] [] [] [] [] [] [] [] 
 []


Overfull \hbox (21.13397pt too wide) in alignment at lines 2562--2584
 [] [] [] [] [] [] [] [] 
 []


Overfull \hbox (21.13397pt too wide) in alignment at lines 2584--2606
 [] [] [] [] [] [] [] [] 
 []

[49]
Overfull \hbox (21.13397pt too wide) in alignment at lines 2606--2611
 [] [] [] [] [] [] [] [] 
 []


Overfull \hbox (73.90425pt too wide) in alignment at lines 2612--2621
 [] [] [] [] [] [] [] [] [] [] [] 
 []


Overfull \hbox (73.90425pt too wide) in alignment at lines 2621--2632
 [] [] [] [] [] [] [] [] [] [] [] 
 []

[50]
Overfull \hbox (32.08398pt too wide) in alignment at lines 2633--2640
 [] [] [] [] [] [] [] [] 
 []


Overfull \hbox (32.08398pt too wide) in alignment at lines 2640--2663
 [] [] [] [] [] [] [] [] 
 []


Overfull \hbox (32.08398pt too wide) in alignment at lines 2663--2685
 [] [] [] [] [] [] [] [] 
 []


Overfull \hbox (32.08398pt too wide) in alignment at lines 2685--2707
 [] [] [] [] [] [] [] [] 
 []

[51]
Overfull \hbox (32.08398pt too wide) in alignment at lines 2707--2712
 [] [] [] [] [] [] [] [] 
 []


Overfull \hbox (77.55424pt too wide) in alignment at lines 2713--2722
 [] [] [] [] [] [] [] [] [] [] [] 
 []


Overfull \hbox (77.55424pt too wide) in alignment at lines 2722--2733
 [] [] [] [] [] [] [] [] [] [] [] 
 []

[52]
Overfull \hbox (8.7696pt too wide) in alignment at lines 2734--2741
 [] [] [] [] [] [] [] [] 
 []


Overfull \hbox (8.7696pt too wide) in alignment at lines 2741--2764
 [] [] [] [] [] [] [] [] 
 []


Overfull \hbox (8.7696pt too wide) in alignment at lines 2764--2786
 [] [] [] [] [] [] [] [] 
 []


Overfull \hbox (8.7696pt too wide) in alignment at lines 2786--2808
 [] [] [] [] [] [] [] [] 
 []

[53]
Overfull \hbox (8.7696pt too wide) in alignment at lines 2808--2813
 [] [] [] [] [] [] [] [] 
 []


Overfull \hbox (77.55424pt too wide) in alignment at lines 2814--2823
 [] [] [] [] [] [] [] [] [] [] [] 
 []


Overfull \hbox (77.55424pt too wide) in alignment at lines 2823--2834
 [] [] [] [] [] [] [] [] [] [] [] 
 []


Overfull \hbox (14.24461pt too wide) in alignment at lines 2835--2842
 [] [] [] [] [] [] [] [] 
 []


Overfull \hbox (14.24461pt too wide) in alignment at lines 2842--2865
 [] [] [] [] [] [] [] [] 
 []

[54]
Overfull \hbox (14.24461pt too wide) in alignment at lines 2865--2887
 [] [] [] [] [] [] [] [] 
 []


Overfull \hbox (14.24461pt too wide) in alignment at lines 2887--2909
 [] [] [] [] [] [] [] [] 
 []


Overfull \hbox (14.24461pt too wide) in alignment at lines 2909--2914
 [] [] [] [] [] [] [] [] 
 []

[55]
Overfull \hbox (112.2293pt too wide) in alignment at lines 2915--2924
 [] [] [] [] [] [] [] [] [] [] [] 
 []


Overfull \hbox (112.2293pt too wide) in alignment at lines 2924--2935
 [] [] [] [] [] [] [] [] [] [] [] 
 []


Overfull \hbox (8.7696pt too wide) in alignment at lines 2936--2943
 [] [] [] [] [] [] [] [] 
 []


Overfull \hbox (8.7696pt too wide) in alignment at lines 2943--2966
 [] [] [] [] [] [] [] [] 
 []


Overfull \hbox (8.7696pt too wide) in alignment at lines 2966--2988
 [] [] [] [] [] [] [] [] 
 []

[56]
Overfull \hbox (8.7696pt too wide) in alignment at lines 2988--3010
 [] [] [] [] [] [] [] [] 
 []


Overfull \hbox (8.7696pt too wide) in alignment at lines 3010--3015
 [] [] [] [] [] [] [] [] 
 []

[57]
Overfull \hbox (77.55424pt too wide) in alignment at lines 3016--3025
 [] [] [] [] [] [] [] [] [] [] [] 
 []


Overfull \hbox (77.55424pt too wide) in alignment at lines 3025--3036
 [] [] [] [] [] [] [] [] [] [] [] 
 []


Overfull \hbox (14.24461pt too wide) in alignment at lines 3037--3044
 [] [] [] [] [] [] [] [] 
 []


Overfull \hbox (14.24461pt too wide) in alignment at lines 3044--3067
 [] [] [] [] [] [] [] [] 
 []


Overfull \hbox (14.24461pt too wide) in alignment at lines 3067--3089
 [] [] [] [] [] [] [] [] 
 []

[58]
Overfull \hbox (14.24461pt too wide) in alignment at lines 3089--3111
 [] [] [] [] [] [] [] [] 
 []


Overfull \hbox (14.24461pt too wide) in alignment at lines 3111--3116
 [] [] [] [] [] [] [] [] 
 []

[59]
Overfull \hbox (97.62929pt too wide) in alignment at lines 3117--3126
 [] [] [] [] [] [] [] [] [] [] [] 
 []


Overfull \hbox (97.62929pt too wide) in alignment at lines 3126--3137
 [] [] [] [] [] [] [] [] [] [] [] 
 []


Overfull \hbox (14.24461pt too wide) in alignment at lines 3138--3145
 [] [] [] [] [] [] [] [] 
 []


Overfull \hbox (14.24461pt too wide) in alignment at lines 3145--3168
 [] [] [] [] [] [] [] [] 
 []


Overfull \hbox (14.24461pt too wide) in alignment at lines 3168--3190
 [] [] [] [] [] [] [] [] 
 []

[60]
Overfull \hbox (14.24461pt too wide) in alignment at lines 3190--3212
 [] [] [] [] [] [] [] [] 
 []


Overfull \hbox (14.24461pt too wide) in alignment at lines 3212--3217
 [] [] [] [] [] [] [] [] 
 []

[61]
Overfull \hbox (93.9793pt too wide) in alignment at lines 3218--3227
 [] [] [] [] [] [] [] [] [] [] [] 
 []


Overfull \hbox (93.9793pt too wide) in alignment at lines 3227--3238
 [] [] [] [] [] [] [] [] [] [] [] 
 []


Overfull \hbox (22.95898pt too wide) in alignment at lines 3239--3246
 [] [] [] [] [] [] [] [] 
 []


Overfull \hbox (22.95898pt too wide) in alignment at lines 3246--3269
 [] [] [] [] [] [] [] [] 
 []


Overfull \hbox (22.95898pt too wide) in alignment at lines 3269--3291
 [] [] [] [] [] [] [] [] 
 []

[62]
Overfull \hbox (22.95898pt too wide) in alignment at lines 3291--3313
 [] [] [] [] [] [] [] [] 
 []


Overfull \hbox (22.95898pt too wide) in alignment at lines 3313--3318
 [] [] [] [] [] [] [] [] 
 []

[63]
Overfull \hbox (75.72926pt too wide) in alignment at lines 3319--3328
 [] [] [] [] [] [] [] [] [] [] [] 
 []


Overfull \hbox (75.72926pt too wide) in alignment at lines 3328--3339
 [] [] [] [] [] [] [] [] [] [] [] 
 []


Overfull \hbox (21.13397pt too wide) in alignment at lines 3340--3347
 [] [] [] [] [] [] [] [] 
 []


Overfull \hbox (21.13397pt too wide) in alignment at lines 3347--3370
 [] [] [] [] [] [] [] [] 
 []


Overfull \hbox (21.13397pt too wide) in alignment at lines 3370--3392
 [] [] [] [] [] [] [] [] 
 []

[64]
Overfull \hbox (21.13397pt too wide) in alignment at lines 3392--3414
 [] [] [] [] [] [] [] [] 
 []


Overfull \hbox (21.13397pt too wide) in alignment at lines 3414--3419
 [] [] [] [] [] [] [] [] 
 []

[65]
Overfull \hbox (77.55424pt too wide) in alignment at lines 3420--3429
 [] [] [] [] [] [] [] [] [] [] [] 
 []


Overfull \hbox (77.55424pt too wide) in alignment at lines 3429--3440
 [] [] [] [] [] [] [] [] [] [] [] 
 []


Overfull \hbox (26.60898pt too wide) in alignment at lines 3441--3448
 [] [] [] [] [] [] [] [] 
 []


Overfull \hbox (26.60898pt too wide) in alignment at lines 3448--3471
 [] [] [] [] [] [] [] [] 
 []


Overfull \hbox (26.60898pt too wide) in alignment at lines 3471--3493
 [] [] [] [] [] [] [] [] 
 []

[66]
Overfull \hbox (26.60898pt too wide) in alignment at lines 3493--3515
 [] [] [] [] [] [] [] [] 
 []


Overfull \hbox (26.60898pt too wide) in alignment at lines 3515--3520
 [] [] [] [] [] [] [] [] 
 []

[67]
Overfull \hbox (92.15428pt too wide) in alignment at lines 3521--3530
 [] [] [] [] [] [] [] [] [] [] [] 
 []


Overfull \hbox (92.15428pt too wide) in alignment at lines 3530--3541
 [] [] [] [] [] [] [] [] [] [] [] 
 []

[68]
Chapter 2.

Package longtable Warning: Column widths have changed
(longtable)                in table 2.1 on input line 3601.


Overfull \hbox (98.69388pt too wide) in alignment at lines 3602--3611
 [] [] [] [] [] [] [] [] [] [] [] 
 []


Overfull \hbox (98.99802pt too wide) in alignment at lines 3611--3632
 [] [] [] [] [] [] [] [] [] [] [] 
 []


Overfull \hbox (98.99802pt too wide) in alignment at lines 3632--3651
 [] [] [] [] [] [] [] [] [] [] [] 
 []

[69

]

Package longtable Warning: Column widths have changed
(longtable)                in table 2.2 on input line 3651.


Overfull \hbox (20.36053pt too wide) in alignment at lines 3652--3661
 [] [] [] [] [] [] [] [] [] 
 []


Overfull \hbox (20.66467pt too wide) in alignment at lines 3661--3682
 [] [] [] [] [] [] [] [] [] 
 []


Overfull \hbox (20.66467pt too wide) in alignment at lines 3682--3701
 [] [] [] [] [] [] [] [] [] 
 []

[70]

Package longtable Warning: Column widths have changed
(longtable)                in table 2.3 on input line 3701.


Package longtable Warning: Table widths have changed. Rerun LaTeX.

Package atveryend Info: Empty hook `BeforeClearDocument' on input line 3702.
[71]
Package atveryend Info: Empty hook `AfterLastShipout' on input line 3702.
 (./Verification score report.aux)
Package atveryend Info: Executing hook `AtVeryEndDocument' on input line 3702.
Package atveryend Info: Executing hook `AtEndAfterFileList' on input line 3702.

Package rerunfilecheck Info: File `"Verification score report".out' has not cha
nged.
(rerunfilecheck)             Checksum: 3175C8EAB14D9D9EAE5ADA7614E09D9A;133.
Package atveryend Info: Empty hook `AtVeryVeryEnd' on input line 3702.
 ) 
Here is how much of TeX's memory you used:
 8895 strings out of 494185
 125296 string characters out of 6156888
 304157 words of memory out of 5000000
 11973 multiletter control sequences out of 15000+600000
 4853 words of font info for 18 fonts, out of 8000000 for 9000
 430 hyphenation exceptions out of 8191
 41i,6n,35p,394b,422s stack positions out of 5000i,500n,10000p,200000b,80000s
</opt/local/share/texmf-texlive/fonts/type1/public/amsfonts/cm/cmbx12.pfb></o
pt/local/share/texmf-texlive/fonts/type1/public/amsfonts/cm/cmr10.pfb>
Output written on "Verification score report.pdf" (71 pages, 369902 bytes).
PDF statistics:
 430 PDF objects out of 1000 (max. 8388607)
 351 compressed objects within 4 object streams
 147 named destinations out of 1000 (max. 500000)
 17 words of extra memory for PDF output out of 10000 (max. 10000000)

